2024-03-04 22:11:41.986  INFO 14488 --- [restartedMain] c.buskingland.Buskingworld1Application   : Starting Buskingworld1Application using Java 17.0.7 with PID 14488 (C:\Users\dlcjs\OneDrive\바탕 화면\workspace\buskingworld-s3test\bin\main started by dlcjs in C:\Users\dlcjs\OneDrive\바탕 화면\workspace\buskingworld-s3test)
2024-03-04 22:11:41.989  INFO 14488 --- [restartedMain] c.buskingland.Buskingworld1Application   : No active profile set, falling back to 1 default profile: "default"
2024-03-04 22:11:42.037  INFO 14488 --- [restartedMain] .e.DevToolsPropertyDefaultsPostProcessor : Devtools property defaults active! Set 'spring.devtools.add-properties' to 'false' to disable
2024-03-04 22:11:42.037  INFO 14488 --- [restartedMain] .e.DevToolsPropertyDefaultsPostProcessor : For additional web related logging consider setting the 'logging.level.web' property to 'DEBUG'
2024-03-04 22:11:42.543  INFO 14488 --- [restartedMain] .s.d.r.c.RepositoryConfigurationDelegate : Bootstrapping Spring Data JPA repositories in DEFAULT mode.
2024-03-04 22:11:42.608  INFO 14488 --- [restartedMain] .s.d.r.c.RepositoryConfigurationDelegate : Finished Spring Data repository scanning in 58 ms. Found 8 JPA repository interfaces.
2024-03-04 22:11:43.125  INFO 14488 --- [restartedMain] o.s.b.w.embedded.tomcat.TomcatWebServer  : Tomcat initialized with port(s): 8080 (http)
2024-03-04 22:11:43.133  INFO 14488 --- [restartedMain] o.apache.catalina.core.StandardService   : Starting service [Tomcat]
2024-03-04 22:11:43.133  INFO 14488 --- [restartedMain] o.apache.catalina.core.StandardEngine    : Starting Servlet engine: [Apache Tomcat/10.1.12]
2024-03-04 22:11:43.185  INFO 14488 --- [restartedMain] o.a.c.c.C.[Tomcat].[localhost].[/]       : Initializing Spring embedded WebApplicationContext
2024-03-04 22:11:43.185  INFO 14488 --- [restartedMain] w.s.c.ServletWebServerApplicationContext : Root WebApplicationContext: initialization completed in 1147 ms
2024-03-04 22:11:43.210  INFO 14488 --- [restartedMain] com.zaxxer.hikari.HikariDataSource       : HikariPool-1 - Starting...
2024-03-04 22:11:43.426  INFO 14488 --- [restartedMain] com.zaxxer.hikari.pool.HikariPool        : HikariPool-1 - Added connection conn0: url=jdbc:h2:~/local user=SA
2024-03-04 22:11:43.428  INFO 14488 --- [restartedMain] com.zaxxer.hikari.HikariDataSource       : HikariPool-1 - Start completed.
2024-03-04 22:11:43.437  INFO 14488 --- [restartedMain] o.s.b.a.h2.H2ConsoleAutoConfiguration    : H2 console available at '/h2-console'. Database available at 'jdbc:h2:~/local'
2024-03-04 22:11:43.540  INFO 14488 --- [restartedMain] o.hibernate.jpa.internal.util.LogHelper  : HHH000204: Processing PersistenceUnitInfo [name: default]
2024-03-04 22:11:43.607  INFO 14488 --- [restartedMain] org.hibernate.Version                    : HHH000412: Hibernate ORM core version 6.2.7.Final
2024-03-04 22:11:43.609  INFO 14488 --- [restartedMain] org.hibernate.cfg.Environment            : HHH000406: Using bytecode reflection optimizer
2024-03-04 22:11:43.735  INFO 14488 --- [restartedMain] o.h.b.i.BytecodeProviderInitiator        : HHH000021: Bytecode provider name : bytebuddy
2024-03-04 22:11:43.857  INFO 14488 --- [restartedMain] o.s.o.j.p.SpringPersistenceUnitInfo      : No LoadTimeWeaver setup: ignoring JPA class transformer
2024-03-04 22:11:44.083  INFO 14488 --- [restartedMain] o.h.b.i.BytecodeProviderInitiator        : HHH000021: Bytecode provider name : bytebuddy
2024-03-04 22:11:44.694  INFO 14488 --- [restartedMain] o.h.e.t.j.p.i.JtaPlatformInitiator       : HHH000490: Using JtaPlatform implementation: [org.hibernate.engine.transaction.jta.platform.internal.NoJtaPlatform]
2024-03-04 22:11:44.745  INFO 14488 --- [restartedMain] j.LocalContainerEntityManagerFactoryBean : Initialized JPA EntityManagerFactory for persistence unit 'default'
2024-03-04 22:11:45.333  WARN 14488 --- [restartedMain] ocalVariableTableParameterNameDiscoverer : Using deprecated '-debug' fallback for parameter name resolution. Compile the affected code with '-parameters' instead or avoid its introspection: com.buskingland.jwt.UserRepository
2024-03-04 22:11:45.426  WARN 14488 --- [restartedMain] ocalVariableTableParameterNameDiscoverer : Using deprecated '-debug' fallback for parameter name resolution. Compile the affected code with '-parameters' instead or avoid its introspection: com.buskingland.mainpicture.MainPictureRepository
2024-03-04 22:11:45.467  WARN 14488 --- [restartedMain] ocalVariableTableParameterNameDiscoverer : Using deprecated '-debug' fallback for parameter name resolution. Compile the affected code with '-parameters' instead or avoid its introspection: com.buskingland.subpicture.SubPictureRepository
2024-03-04 22:11:45.490  WARN 14488 --- [restartedMain] ocalVariableTableParameterNameDiscoverer : Using deprecated '-debug' fallback for parameter name resolution. Compile the affected code with '-parameters' instead or avoid its introspection: com.buskingland.video.VideoRepository
2024-03-04 22:11:45.517  WARN 14488 --- [restartedMain] JpaBaseConfiguration$JpaWebConfiguration : spring.jpa.open-in-view is enabled by default. Therefore, database queries may be performed during view rendering. Explicitly configure spring.jpa.open-in-view to disable this warning
2024-03-04 22:11:45.716  INFO 14488 --- [restartedMain] o.s.s.web.DefaultSecurityFilterChain     : Will secure any request with [org.springframework.security.web.session.DisableEncodeUrlFilter@4cce2de0, org.springframework.security.web.context.request.async.WebAsyncManagerIntegrationFilter@2a445a2, org.springframework.security.web.context.SecurityContextHolderFilter@ae0e45b, org.springframework.security.web.header.HeaderWriterFilter@2c4a46bf, org.springframework.web.filter.CorsFilter@3aa0d4f7, org.springframework.security.web.authentication.logout.LogoutFilter@2188a288, com.buskingland.jwt.JwtFilter@4b716fa8, org.springframework.security.web.savedrequest.RequestCacheAwareFilter@6dd5c829, org.springframework.security.web.servletapi.SecurityContextHolderAwareRequestFilter@523fc1db, org.springframework.security.web.authentication.AnonymousAuthenticationFilter@76edea0b, org.springframework.security.web.session.SessionManagementFilter@2be75a17, org.springframework.security.web.access.ExceptionTranslationFilter@4e12a68d, org.springframework.security.web.access.intercept.AuthorizationFilter@63df61a6]
2024-03-04 22:11:45.892  INFO 14488 --- [restartedMain] o.s.b.d.a.OptionalLiveReloadServer       : LiveReload server is running on port 35729
2024-03-04 22:11:45.920  INFO 14488 --- [restartedMain] o.s.b.w.embedded.tomcat.TomcatWebServer  : Tomcat started on port(s): 8080 (http) with context path ''
2024-03-04 22:11:45.929  INFO 14488 --- [restartedMain] c.buskingland.Buskingworld1Application   : Started Buskingworld1Application in 4.198 seconds (process running for 4.8)
2024-03-04 22:11:49.946  INFO 14488 --- [RMI TCP Connection(7)-127.0.0.1] inMXBeanRegistrar$SpringApplicationAdmin : Application shutdown requested.
2024-03-04 22:11:49.962  INFO 14488 --- [RMI TCP Connection(7)-127.0.0.1] o.apache.catalina.core.StandardService   : Stopping service [Tomcat]
2024-03-04 22:11:49.976  INFO 14488 --- [RMI TCP Connection(7)-127.0.0.1] j.LocalContainerEntityManagerFactoryBean : Closing JPA EntityManagerFactory for persistence unit 'default'
2024-03-04 22:11:49.980  INFO 14488 --- [RMI TCP Connection(7)-127.0.0.1] com.zaxxer.hikari.HikariDataSource       : HikariPool-1 - Shutdown initiated...
2024-03-04 22:11:49.982  INFO 14488 --- [RMI TCP Connection(7)-127.0.0.1] com.zaxxer.hikari.HikariDataSource       : HikariPool-1 - Shutdown completed.
2024-03-04 22:11:53.930  INFO 3352 --- [restartedMain] c.buskingland.Buskingworld1Application   : Starting Buskingworld1Application using Java 17.0.7 with PID 3352 (C:\Users\dlcjs\OneDrive\바탕 화면\workspace\buskingworld-s3test\bin\main started by dlcjs in C:\Users\dlcjs\OneDrive\바탕 화면\workspace\buskingworld-s3test)
2024-03-04 22:11:53.931  INFO 3352 --- [restartedMain] c.buskingland.Buskingworld1Application   : No active profile set, falling back to 1 default profile: "default"
2024-03-04 22:11:53.971  INFO 3352 --- [restartedMain] .e.DevToolsPropertyDefaultsPostProcessor : Devtools property defaults active! Set 'spring.devtools.add-properties' to 'false' to disable
2024-03-04 22:11:53.972  INFO 3352 --- [restartedMain] .e.DevToolsPropertyDefaultsPostProcessor : For additional web related logging consider setting the 'logging.level.web' property to 'DEBUG'
2024-03-04 22:11:54.442  INFO 3352 --- [restartedMain] .s.d.r.c.RepositoryConfigurationDelegate : Bootstrapping Spring Data JPA repositories in DEFAULT mode.
2024-03-04 22:11:54.529  INFO 3352 --- [restartedMain] .s.d.r.c.RepositoryConfigurationDelegate : Finished Spring Data repository scanning in 82 ms. Found 8 JPA repository interfaces.
2024-03-04 22:11:55.027  INFO 3352 --- [restartedMain] o.s.b.w.embedded.tomcat.TomcatWebServer  : Tomcat initialized with port(s): 8080 (http)
2024-03-04 22:11:55.035  INFO 3352 --- [restartedMain] o.apache.catalina.core.StandardService   : Starting service [Tomcat]
2024-03-04 22:11:55.036  INFO 3352 --- [restartedMain] o.apache.catalina.core.StandardEngine    : Starting Servlet engine: [Apache Tomcat/10.1.12]
2024-03-04 22:11:55.083  INFO 3352 --- [restartedMain] o.a.c.c.C.[Tomcat].[localhost].[/]       : Initializing Spring embedded WebApplicationContext
2024-03-04 22:11:55.083  INFO 3352 --- [restartedMain] w.s.c.ServletWebServerApplicationContext : Root WebApplicationContext: initialization completed in 1111 ms
2024-03-04 22:11:55.106  INFO 3352 --- [restartedMain] com.zaxxer.hikari.HikariDataSource       : HikariPool-1 - Starting...
2024-03-04 22:11:55.318  INFO 3352 --- [restartedMain] com.zaxxer.hikari.pool.HikariPool        : HikariPool-1 - Added connection conn0: url=jdbc:h2:~/local user=SA
2024-03-04 22:11:55.320  INFO 3352 --- [restartedMain] com.zaxxer.hikari.HikariDataSource       : HikariPool-1 - Start completed.
2024-03-04 22:11:55.329  INFO 3352 --- [restartedMain] o.s.b.a.h2.H2ConsoleAutoConfiguration    : H2 console available at '/h2-console'. Database available at 'jdbc:h2:~/local'
2024-03-04 22:11:55.437  INFO 3352 --- [restartedMain] o.hibernate.jpa.internal.util.LogHelper  : HHH000204: Processing PersistenceUnitInfo [name: default]
2024-03-04 22:11:55.473  INFO 3352 --- [restartedMain] org.hibernate.Version                    : HHH000412: Hibernate ORM core version 6.2.7.Final
2024-03-04 22:11:55.475  INFO 3352 --- [restartedMain] org.hibernate.cfg.Environment            : HHH000406: Using bytecode reflection optimizer
2024-03-04 22:11:55.554  INFO 3352 --- [restartedMain] o.h.b.i.BytecodeProviderInitiator        : HHH000021: Bytecode provider name : bytebuddy
2024-03-04 22:11:55.657  INFO 3352 --- [restartedMain] o.s.o.j.p.SpringPersistenceUnitInfo      : No LoadTimeWeaver setup: ignoring JPA class transformer
2024-03-04 22:11:55.892  INFO 3352 --- [restartedMain] o.h.b.i.BytecodeProviderInitiator        : HHH000021: Bytecode provider name : bytebuddy
2024-03-04 22:11:56.566  INFO 3352 --- [restartedMain] o.h.e.t.j.p.i.JtaPlatformInitiator       : HHH000490: Using JtaPlatform implementation: [org.hibernate.engine.transaction.jta.platform.internal.NoJtaPlatform]
2024-03-04 22:11:56.621  INFO 3352 --- [restartedMain] j.LocalContainerEntityManagerFactoryBean : Initialized JPA EntityManagerFactory for persistence unit 'default'
2024-03-04 22:11:57.114  WARN 3352 --- [restartedMain] ocalVariableTableParameterNameDiscoverer : Using deprecated '-debug' fallback for parameter name resolution. Compile the affected code with '-parameters' instead or avoid its introspection: com.buskingland.jwt.UserRepository
2024-03-04 22:11:57.222  WARN 3352 --- [restartedMain] ocalVariableTableParameterNameDiscoverer : Using deprecated '-debug' fallback for parameter name resolution. Compile the affected code with '-parameters' instead or avoid its introspection: com.buskingland.mainpicture.MainPictureRepository
2024-03-04 22:11:57.272  WARN 3352 --- [restartedMain] ocalVariableTableParameterNameDiscoverer : Using deprecated '-debug' fallback for parameter name resolution. Compile the affected code with '-parameters' instead or avoid its introspection: com.buskingland.subpicture.SubPictureRepository
2024-03-04 22:11:57.298  WARN 3352 --- [restartedMain] ocalVariableTableParameterNameDiscoverer : Using deprecated '-debug' fallback for parameter name resolution. Compile the affected code with '-parameters' instead or avoid its introspection: com.buskingland.video.VideoRepository
2024-03-04 22:11:57.326  WARN 3352 --- [restartedMain] JpaBaseConfiguration$JpaWebConfiguration : spring.jpa.open-in-view is enabled by default. Therefore, database queries may be performed during view rendering. Explicitly configure spring.jpa.open-in-view to disable this warning
2024-03-04 22:11:57.544  INFO 3352 --- [restartedMain] o.s.s.web.DefaultSecurityFilterChain     : Will secure any request with [org.springframework.security.web.session.DisableEncodeUrlFilter@46885192, org.springframework.security.web.context.request.async.WebAsyncManagerIntegrationFilter@40fd578f, org.springframework.security.web.context.SecurityContextHolderFilter@1c83c78b, org.springframework.security.web.header.HeaderWriterFilter@350437a3, org.springframework.web.filter.CorsFilter@3076c8ea, org.springframework.security.web.authentication.logout.LogoutFilter@2a127ae1, com.buskingland.jwt.JwtFilter@497a28dd, org.springframework.security.web.savedrequest.RequestCacheAwareFilter@71142e5d, org.springframework.security.web.servletapi.SecurityContextHolderAwareRequestFilter@57d33968, org.springframework.security.web.authentication.AnonymousAuthenticationFilter@4d7af4a1, org.springframework.security.web.session.SessionManagementFilter@269b6a1f, org.springframework.security.web.access.ExceptionTranslationFilter@8ccf901, org.springframework.security.web.access.intercept.AuthorizationFilter@f3a507d]
2024-03-04 22:11:57.692  INFO 3352 --- [restartedMain] o.s.b.d.a.OptionalLiveReloadServer       : LiveReload server is running on port 35729
2024-03-04 22:11:57.719  INFO 3352 --- [restartedMain] o.s.b.w.embedded.tomcat.TomcatWebServer  : Tomcat started on port(s): 8080 (http) with context path ''
2024-03-04 22:11:57.727  INFO 3352 --- [restartedMain] c.buskingland.Buskingworld1Application   : Started Buskingworld1Application in 4.072 seconds (process running for 4.605)
2024-03-04 22:12:00.878  INFO 3352 --- [http-nio-8080-exec-1] o.a.c.c.C.[Tomcat].[localhost].[/]       : Initializing Spring DispatcherServlet 'dispatcherServlet'
2024-03-04 22:12:00.878  INFO 3352 --- [http-nio-8080-exec-1] o.s.web.servlet.DispatcherServlet        : Initializing Servlet 'dispatcherServlet'
2024-03-04 22:12:00.878  INFO 3352 --- [http-nio-8080-exec-1] o.s.web.servlet.DispatcherServlet        : Completed initialization in 0 ms
2024-03-04 22:12:21.804  INFO 3352 --- [RMI TCP Connection(7)-127.0.0.1] inMXBeanRegistrar$SpringApplicationAdmin : Application shutdown requested.
2024-03-04 22:12:21.813  INFO 3352 --- [RMI TCP Connection(7)-127.0.0.1] o.apache.catalina.core.StandardService   : Stopping service [Tomcat]
2024-03-04 22:12:21.817  INFO 3352 --- [RMI TCP Connection(7)-127.0.0.1] o.a.c.c.C.[Tomcat].[localhost].[/]       : Destroying Spring FrameworkServlet 'dispatcherServlet'
2024-03-04 22:12:21.826  INFO 3352 --- [RMI TCP Connection(7)-127.0.0.1] j.LocalContainerEntityManagerFactoryBean : Closing JPA EntityManagerFactory for persistence unit 'default'
2024-03-04 22:12:21.828  INFO 3352 --- [RMI TCP Connection(7)-127.0.0.1] com.zaxxer.hikari.HikariDataSource       : HikariPool-1 - Shutdown initiated...
2024-03-04 22:12:21.830  INFO 3352 --- [RMI TCP Connection(7)-127.0.0.1] com.zaxxer.hikari.HikariDataSource       : HikariPool-1 - Shutdown completed.
2024-03-04 22:12:23.554  INFO 3820 --- [restartedMain] c.buskingland.Buskingworld1Application   : Starting Buskingworld1Application using Java 17.0.7 with PID 3820 (C:\Users\dlcjs\OneDrive\바탕 화면\workspace\buskingworld-s3test\bin\main started by dlcjs in C:\Users\dlcjs\OneDrive\바탕 화면\workspace\buskingworld-s3test)
2024-03-04 22:12:23.556  INFO 3820 --- [restartedMain] c.buskingland.Buskingworld1Application   : No active profile set, falling back to 1 default profile: "default"
2024-03-04 22:12:23.597  INFO 3820 --- [restartedMain] .e.DevToolsPropertyDefaultsPostProcessor : Devtools property defaults active! Set 'spring.devtools.add-properties' to 'false' to disable
2024-03-04 22:12:23.597  INFO 3820 --- [restartedMain] .e.DevToolsPropertyDefaultsPostProcessor : For additional web related logging consider setting the 'logging.level.web' property to 'DEBUG'
2024-03-04 22:12:24.128  INFO 3820 --- [restartedMain] .s.d.r.c.RepositoryConfigurationDelegate : Bootstrapping Spring Data JPA repositories in DEFAULT mode.
2024-03-04 22:12:24.191  INFO 3820 --- [restartedMain] .s.d.r.c.RepositoryConfigurationDelegate : Finished Spring Data repository scanning in 56 ms. Found 8 JPA repository interfaces.
2024-03-04 22:12:24.625  INFO 3820 --- [restartedMain] o.s.b.w.embedded.tomcat.TomcatWebServer  : Tomcat initialized with port(s): 8080 (http)
2024-03-04 22:12:24.632  INFO 3820 --- [restartedMain] o.apache.catalina.core.StandardService   : Starting service [Tomcat]
2024-03-04 22:12:24.632  INFO 3820 --- [restartedMain] o.apache.catalina.core.StandardEngine    : Starting Servlet engine: [Apache Tomcat/10.1.12]
2024-03-04 22:12:24.688  INFO 3820 --- [restartedMain] o.a.c.c.C.[Tomcat].[localhost].[/]       : Initializing Spring embedded WebApplicationContext
2024-03-04 22:12:24.688  INFO 3820 --- [restartedMain] w.s.c.ServletWebServerApplicationContext : Root WebApplicationContext: initialization completed in 1090 ms
2024-03-04 22:12:24.712  INFO 3820 --- [restartedMain] com.zaxxer.hikari.HikariDataSource       : HikariPool-1 - Starting...
2024-03-04 22:12:24.895  INFO 3820 --- [restartedMain] com.zaxxer.hikari.pool.HikariPool        : HikariPool-1 - Added connection conn0: url=jdbc:h2:~/local user=SA
2024-03-04 22:12:24.896  INFO 3820 --- [restartedMain] com.zaxxer.hikari.HikariDataSource       : HikariPool-1 - Start completed.
2024-03-04 22:12:24.906  INFO 3820 --- [restartedMain] o.s.b.a.h2.H2ConsoleAutoConfiguration    : H2 console available at '/h2-console'. Database available at 'jdbc:h2:~/local'
2024-03-04 22:12:24.996  INFO 3820 --- [restartedMain] o.hibernate.jpa.internal.util.LogHelper  : HHH000204: Processing PersistenceUnitInfo [name: default]
2024-03-04 22:12:25.036  INFO 3820 --- [restartedMain] org.hibernate.Version                    : HHH000412: Hibernate ORM core version 6.2.7.Final
2024-03-04 22:12:25.037  INFO 3820 --- [restartedMain] org.hibernate.cfg.Environment            : HHH000406: Using bytecode reflection optimizer
2024-03-04 22:12:25.118  INFO 3820 --- [restartedMain] o.h.b.i.BytecodeProviderInitiator        : HHH000021: Bytecode provider name : bytebuddy
2024-03-04 22:12:25.210  INFO 3820 --- [restartedMain] o.s.o.j.p.SpringPersistenceUnitInfo      : No LoadTimeWeaver setup: ignoring JPA class transformer
2024-03-04 22:12:25.404  INFO 3820 --- [restartedMain] o.h.b.i.BytecodeProviderInitiator        : HHH000021: Bytecode provider name : bytebuddy
2024-03-04 22:12:25.978  INFO 3820 --- [restartedMain] o.h.e.t.j.p.i.JtaPlatformInitiator       : HHH000490: Using JtaPlatform implementation: [org.hibernate.engine.transaction.jta.platform.internal.NoJtaPlatform]
2024-03-04 22:12:26.030  INFO 3820 --- [restartedMain] j.LocalContainerEntityManagerFactoryBean : Initialized JPA EntityManagerFactory for persistence unit 'default'
2024-03-04 22:12:26.512  WARN 3820 --- [restartedMain] ocalVariableTableParameterNameDiscoverer : Using deprecated '-debug' fallback for parameter name resolution. Compile the affected code with '-parameters' instead or avoid its introspection: com.buskingland.jwt.UserRepository
2024-03-04 22:12:26.607  WARN 3820 --- [restartedMain] ocalVariableTableParameterNameDiscoverer : Using deprecated '-debug' fallback for parameter name resolution. Compile the affected code with '-parameters' instead or avoid its introspection: com.buskingland.mainpicture.MainPictureRepository
2024-03-04 22:12:26.647  WARN 3820 --- [restartedMain] ocalVariableTableParameterNameDiscoverer : Using deprecated '-debug' fallback for parameter name resolution. Compile the affected code with '-parameters' instead or avoid its introspection: com.buskingland.subpicture.SubPictureRepository
2024-03-04 22:12:26.677  WARN 3820 --- [restartedMain] ocalVariableTableParameterNameDiscoverer : Using deprecated '-debug' fallback for parameter name resolution. Compile the affected code with '-parameters' instead or avoid its introspection: com.buskingland.video.VideoRepository
2024-03-04 22:12:26.701  WARN 3820 --- [restartedMain] JpaBaseConfiguration$JpaWebConfiguration : spring.jpa.open-in-view is enabled by default. Therefore, database queries may be performed during view rendering. Explicitly configure spring.jpa.open-in-view to disable this warning
2024-03-04 22:12:26.892  INFO 3820 --- [restartedMain] o.s.s.web.DefaultSecurityFilterChain     : Will secure any request with [org.springframework.security.web.session.DisableEncodeUrlFilter@393a2d8d, org.springframework.security.web.context.request.async.WebAsyncManagerIntegrationFilter@7348f38f, org.springframework.security.web.context.SecurityContextHolderFilter@30b08653, org.springframework.security.web.header.HeaderWriterFilter@552df039, org.springframework.web.filter.CorsFilter@7baab1ec, org.springframework.security.web.authentication.logout.LogoutFilter@5385bcda, com.buskingland.jwt.JwtFilter@61f72fcc, org.springframework.security.web.savedrequest.RequestCacheAwareFilter@6a34c9ee, org.springframework.security.web.servletapi.SecurityContextHolderAwareRequestFilter@6290deab, org.springframework.security.web.authentication.AnonymousAuthenticationFilter@9c9203a, org.springframework.security.web.session.SessionManagementFilter@62514270, org.springframework.security.web.access.ExceptionTranslationFilter@2391e4d8, org.springframework.security.web.access.intercept.AuthorizationFilter@404b2beb]
2024-03-04 22:12:27.054  INFO 3820 --- [restartedMain] o.s.b.d.a.OptionalLiveReloadServer       : LiveReload server is running on port 35729
2024-03-04 22:12:27.082  INFO 3820 --- [restartedMain] o.s.b.w.embedded.tomcat.TomcatWebServer  : Tomcat started on port(s): 8080 (http) with context path ''
2024-03-04 22:12:27.090  INFO 3820 --- [restartedMain] c.buskingland.Buskingworld1Application   : Started Buskingworld1Application in 3.858 seconds (process running for 4.427)
2024-03-04 22:12:33.670  INFO 3820 --- [http-nio-8080-exec-7] o.a.c.c.C.[Tomcat].[localhost].[/]       : Initializing Spring DispatcherServlet 'dispatcherServlet'
2024-03-04 22:12:33.671  INFO 3820 --- [http-nio-8080-exec-7] o.s.web.servlet.DispatcherServlet        : Initializing Servlet 'dispatcherServlet'
2024-03-04 22:12:33.673  INFO 3820 --- [http-nio-8080-exec-7] o.s.web.servlet.DispatcherServlet        : Completed initialization in 2 ms
2024-03-04 22:13:09.070  INFO 3820 --- [RMI TCP Connection(10)-127.0.0.1] inMXBeanRegistrar$SpringApplicationAdmin : Application shutdown requested.
2024-03-04 22:13:09.081  INFO 3820 --- [RMI TCP Connection(10)-127.0.0.1] o.apache.catalina.core.StandardService   : Stopping service [Tomcat]
2024-03-04 22:13:09.085  INFO 3820 --- [RMI TCP Connection(10)-127.0.0.1] o.a.c.c.C.[Tomcat].[localhost].[/]       : Destroying Spring FrameworkServlet 'dispatcherServlet'
2024-03-04 22:13:09.095  INFO 3820 --- [RMI TCP Connection(10)-127.0.0.1] j.LocalContainerEntityManagerFactoryBean : Closing JPA EntityManagerFactory for persistence unit 'default'
2024-03-04 22:13:09.098  INFO 3820 --- [RMI TCP Connection(10)-127.0.0.1] com.zaxxer.hikari.HikariDataSource       : HikariPool-1 - Shutdown initiated...
2024-03-04 22:13:09.098  INFO 3820 --- [RMI TCP Connection(10)-127.0.0.1] com.zaxxer.hikari.HikariDataSource       : HikariPool-1 - Shutdown completed.
